<?xml version="1.0" encoding="UTF-8"?>
<testsuites name="jest tests" tests="5" failures="3" errors="0" time="1.103">
  <testsuite name="Product vs Competitor E2E Workflow" errors="0" failures="3" skipped="0" timestamp="2025-06-14T09:38:34" time="0.379" tests="5">
    <testcase classname="Product vs Competitor E2E Workflow Complete Workflow: Chat → Project → Analysis → Report should process chat message and generate UX-enhanced comparative report" name="Product vs Competitor E2E Workflow Complete Workflow: Chat → Project → Analysis → Report should process chat message and generate UX-enhanced comparative report" time="0.005">
      <failure>Error: expect(received).toBe(expected) // Object.is equality

Expected: &quot;https://goodchop.com&quot;
Received: &quot;https://goodchop.com/&quot;
    at Object.&lt;anonymous&gt; (/Users/nikita.gorshkov/competitor-research-agent/src/__tests__/e2e/productVsCompetitorE2E.test.ts:179:49)
    at processTicksAndRejections (node:internal/process/task_queues:105:5)</failure>
    </testcase>
    <testcase classname="Product vs Competitor E2E Workflow Complete Workflow: Chat → Project → Analysis → Report should handle workflow with missing product data gracefully" name="Product vs Competitor E2E Workflow Complete Workflow: Chat → Project → Analysis → Report should handle workflow with missing product data gracefully" time="0.001">
      <failure>Error: expect(received).toBe(expected) // Object.is equality

Expected: false
Received: true
    at Object.&lt;anonymous&gt; (/Users/nikita.gorshkov/competitor-research-agent/src/__tests__/e2e/productVsCompetitorE2E.test.ts:338:46)
    at Promise.then.completed (/Users/nikita.gorshkov/competitor-research-agent/node_modules/jest-circus/build/utils.js:298:28)
    at new Promise (&lt;anonymous&gt;)
    at callAsyncCircusFn (/Users/nikita.gorshkov/competitor-research-agent/node_modules/jest-circus/build/utils.js:231:10)
    at _callCircusTest (/Users/nikita.gorshkov/competitor-research-agent/node_modules/jest-circus/build/run.js:316:40)
    at processTicksAndRejections (node:internal/process/task_queues:105:5)
    at _runTest (/Users/nikita.gorshkov/competitor-research-agent/node_modules/jest-circus/build/run.js:252:3)
    at _runTestsForDescribeBlock (/Users/nikita.gorshkov/competitor-research-agent/node_modules/jest-circus/build/run.js:126:9)
    at _runTestsForDescribeBlock (/Users/nikita.gorshkov/competitor-research-agent/node_modules/jest-circus/build/run.js:121:9)
    at _runTestsForDescribeBlock (/Users/nikita.gorshkov/competitor-research-agent/node_modules/jest-circus/build/run.js:121:9)
    at run (/Users/nikita.gorshkov/competitor-research-agent/node_modules/jest-circus/build/run.js:71:3)
    at runAndTransformResultsToJestFormat (/Users/nikita.gorshkov/competitor-research-agent/node_modules/jest-circus/build/legacy-code-todo-rewrite/jestAdapterInit.js:122:21)
    at jestAdapter (/Users/nikita.gorshkov/competitor-research-agent/node_modules/jest-circus/build/legacy-code-todo-rewrite/jestAdapter.js:79:19)
    at runTestInternal (/Users/nikita.gorshkov/competitor-research-agent/node_modules/jest-runner/build/runTest.js:367:16)
    at runTest (/Users/nikita.gorshkov/competitor-research-agent/node_modules/jest-runner/build/runTest.js:444:34)
    at Object.worker (/Users/nikita.gorshkov/competitor-research-agent/node_modules/jest-runner/build/testWorker.js:106:12)</failure>
    </testcase>
    <testcase classname="Product vs Competitor E2E Workflow Complete Workflow: Chat → Project → Analysis → Report should validate performance requirements" name="Product vs Competitor E2E Workflow Complete Workflow: Chat → Project → Analysis → Report should validate performance requirements" time="0.001">
    </testcase>
    <testcase classname="Product vs Competitor E2E Workflow Error Handling and Recovery should handle invalid product websites gracefully" name="Product vs Competitor E2E Workflow Error Handling and Recovery should handle invalid product websites gracefully" time="0">
    </testcase>
    <testcase classname="Product vs Competitor E2E Workflow Error Handling and Recovery should provide helpful error messages for incomplete chat input" name="Product vs Competitor E2E Workflow Error Handling and Recovery should provide helpful error messages for incomplete chat input" time="0.001">
      <failure>Error: expect(received).toContain(expected) // indexOf

Expected value: StringContaining &quot;Consider including your product website URL for better analysis&quot;
Received array: [&quot;Please specify the project name (e.g., \&quot;Project: Competitor Analysis\&quot;)&quot;, &quot;Consider including your product website URL for better analysis&quot;, &quot;&quot;, &quot;Example format:&quot;, &quot;user@company.com&quot;, &quot;Weekly&quot;, &quot;Project: Good Chop Analysis&quot;, &quot;https://goodchop.com&quot;, &quot;Product: Good Chop&quot;, &quot;Industry: Food Delivery&quot;]

Looks like you wanted to test for object/array equality with the stricter `toContain` matcher. You probably need to use `toContainEqual` instead.
    at Object.&lt;anonymous&gt; (/Users/nikita.gorshkov/competitor-research-agent/src/__tests__/e2e/productVsCompetitorE2E.test.ts:498:50)
    at Promise.then.completed (/Users/nikita.gorshkov/competitor-research-agent/node_modules/jest-circus/build/utils.js:298:28)
    at new Promise (&lt;anonymous&gt;)
    at callAsyncCircusFn (/Users/nikita.gorshkov/competitor-research-agent/node_modules/jest-circus/build/utils.js:231:10)
    at _callCircusTest (/Users/nikita.gorshkov/competitor-research-agent/node_modules/jest-circus/build/run.js:316:40)
    at processTicksAndRejections (node:internal/process/task_queues:105:5)
    at _runTest (/Users/nikita.gorshkov/competitor-research-agent/node_modules/jest-circus/build/run.js:252:3)
    at _runTestsForDescribeBlock (/Users/nikita.gorshkov/competitor-research-agent/node_modules/jest-circus/build/run.js:126:9)
    at _runTestsForDescribeBlock (/Users/nikita.gorshkov/competitor-research-agent/node_modules/jest-circus/build/run.js:121:9)
    at _runTestsForDescribeBlock (/Users/nikita.gorshkov/competitor-research-agent/node_modules/jest-circus/build/run.js:121:9)
    at run (/Users/nikita.gorshkov/competitor-research-agent/node_modules/jest-circus/build/run.js:71:3)
    at runAndTransformResultsToJestFormat (/Users/nikita.gorshkov/competitor-research-agent/node_modules/jest-circus/build/legacy-code-todo-rewrite/jestAdapterInit.js:122:21)
    at jestAdapter (/Users/nikita.gorshkov/competitor-research-agent/node_modules/jest-circus/build/legacy-code-todo-rewrite/jestAdapter.js:79:19)
    at runTestInternal (/Users/nikita.gorshkov/competitor-research-agent/node_modules/jest-runner/build/runTest.js:367:16)
    at runTest (/Users/nikita.gorshkov/competitor-research-agent/node_modules/jest-runner/build/runTest.js:444:34)
    at Object.worker (/Users/nikita.gorshkov/competitor-research-agent/node_modules/jest-runner/build/testWorker.js:106:12)</failure>
    </testcase>
  </testsuite>
</testsuites>